# JRE version: Java(TM) SE Runtime Environment (8.0_112-b16) (build 1.8.0_112-b16)
# Java VM: Java HotSpot(TM) 64-Bit Server VM (25.112-b16 mixed mode bsd-amd64 compressed oops)
Heap:
 PSYoungGen      total 630784K, used 47456K [0x0000000795580000, 0x00000007c0000000, 0x00000007c0000000)
  eden space 560640K, 8% used [0x0000000795580000,0x00000007983d8018,0x00000007b7900000)
  from space 70144K, 0% used [0x00000007bbb80000,0x00000007bbb80000,0x00000007c0000000)
  to   space 68096K, 0% used [0x00000007b7900000,0x00000007b7900000,0x00000007bbb80000)
 ParOldGen       total 299520K, used 153583K [0x0000000740000000, 0x0000000752480000, 0x0000000795580000)
  object space 299520K, 51% used [0x0000000740000000,0x00000007495fbf08,0x0000000752480000)
 Metaspace       used 97540K, capacity 101809K, committed 102056K, reserved 1138688K
  class space    used 11889K, capacity 12699K, committed 12712K, reserved 1048576K
GC Heap History (10 events):
Event: 34522.970 GC heap before
{Heap before GC invocations=150 (full 9):
 PSYoungGen      total 627712K, used 564953K [0x0000000795580000, 0x00000007c0000000, 0x00000007c0000000)
  eden space 560128K, 100% used [0x0000000795580000,0x00000007b7880000,0x00000007b7880000)
  from space 67584K, 7% used [0x00000007bb780000,0x00000007bbc364c8,0x00000007bf980000)
  to   space 64512K, 0% used [0x00000007b7880000,0x00000007b7880000,0x00000007bb780000)
 ParOldGen       total 299520K, used 248035K [0x0000000740000000, 0x0000000752480000, 0x0000000795580000)
  object space 299520K, 82% used [0x0000000740000000,0x000000074f238d18,0x0000000752480000)
 Metaspace       used 97540K, capacity 101827K, committed 102056K, reserved 1138688K
  class space    used 11891K, capacity 12702K, committed 12712K, reserved 1048576K
Event: 34522.992 GC heap after
Heap after GC invocations=150 (full 9):
 PSYoungGen      total 624640K, used 2715K [0x0000000795580000, 0x00000007bf800000, 0x00000007c0000000)
  eden space 560128K, 0% used [0x0000000795580000,0x0000000795580000,0x00000007b7880000)
  from space 64512K, 4% used [0x00000007b7880000,0x00000007b7b26f68,0x00000007bb780000)
  to   space 61952K, 0% used [0x00000007bbb80000,0x00000007bbb80000,0x00000007bf800000)
 ParOldGen       total 299520K, used 248843K [0x0000000740000000, 0x0000000752480000, 0x0000000795580000)
  object space 299520K, 83% used [0x0000000740000000,0x000000074f302e90,0x0000000752480000)
 Metaspace       used 97540K, capacity 101827K, committed 102056K, reserved 1138688K
  class space    used 11891K, capacity 12702K, committed 12712K, reserved 1048576K
}
Event: 34524.877 GC heap before
{Heap before GC invocations=151 (full 9):
 PSYoungGen      total 624640K, used 562843K [0x0000000795580000, 0x00000007bf800000, 0x00000007c0000000)
  eden space 560128K, 100% used [0x0000000795580000,0x00000007b7880000,0x00000007b7880000)
  from space 64512K, 4% used [0x00000007b7880000,0x00000007b7b26f68,0x00000007bb780000)
  to   space 61952K, 0% used [0x00000007bbb80000,0x00000007bbb80000,0x00000007bf800000)
 ParOldGen       total 299520K, used 248843K [0x0000000740000000, 0x0000000752480000, 0x0000000795580000)
  object space 299520K, 83% used [0x0000000740000000,0x000000074f302e90,0x0000000752480000)
 Metaspace       used 97548K, capacity 101827K, committed 102056K, reserved 1138688K
  class space    used 11891K, capacity 12702K, committed 12712K, reserved 1048576K
Event: 34524.886 GC heap after
Heap after GC invocations=151 (full 9):
 PSYoungGen      total 631296K, used 3230K [0x0000000795580000, 0x00000007bf780000, 0x00000007c0000000)
  eden space 569856K, 0% used [0x0000000795580000,0x0000000795580000,0x00000007b8200000)
  from space 61440K, 5% used [0x00000007bbb80000,0x00000007bbea7980,0x00000007bf780000)
  to   space 58880K, 0% used [0x00000007b8200000,0x00000007b8200000,0x00000007bbb80000)
 ParOldGen       total 299520K, used 248939K [0x0000000740000000, 0x0000000752480000, 0x0000000795580000)
  object space 299520K, 83% used [0x0000000740000000,0x000000074f31aea0,0x0000000752480000)
 Metaspace       used 97548K, capacity 101827K, committed 102056K, reserved 1138688K
  class space    used 11891K, capacity 12702K, committed 12712K, reserved 1048576K
}
Event: 34526.921 GC heap before
{Heap before GC invocations=152 (full 9):
 PSYoungGen      total 631296K, used 572800K [0x0000000795580000, 0x00000007bf780000, 0x00000007c0000000)
  eden space 569856K, 99% used [0x0000000795580000,0x00000007b81b8718,0x00000007b8200000)
  from space 61440K, 5% used [0x00000007bbb80000,0x00000007bbea7980,0x00000007bf780000)
  to   space 58880K, 0% used [0x00000007b8200000,0x00000007b8200000,0x00000007bbb80000)
 ParOldGen       total 299520K, used 248939K [0x0000000740000000, 0x0000000752480000, 0x0000000795580000)
  object space 299520K, 83% used [0x0000000740000000,0x000000074f31aea0,0x0000000752480000)
 Metaspace       used 97551K, capacity 101827K, committed 102056K, reserved 1138688K
  class space    used 11891K, capacity 12702K, committed 12712K, reserved 1048576K
Event: 34527.003 GC heap after
Heap after GC invocations=152 (full 9):
 PSYoungGen      total 628736K, used 56214K [0x0000000795580000, 0x00000007c0000000, 0x00000007c0000000)
  eden space 569856K, 0% used [0x0000000795580000,0x0000000795580000,0x00000007b8200000)
  from space 58880K, 95% used [0x00000007b8200000,0x00000007bb8e5808,0x00000007bbb80000)
  to   space 70144K, 0% used [0x00000007bbb80000,0x00000007bbb80000,0x00000007c0000000)
 ParOldGen       total 299520K, used 251075K [0x0000000740000000, 0x0000000752480000, 0x0000000795580000)
  object space 299520K, 83% used [0x0000000740000000,0x000000074f530ee0,0x0000000752480000)
 Metaspace       used 97551K, capacity 101827K, committed 102056K, reserved 1138688K
  class space    used 11891K, capacity 12702K, committed 12712K, reserved 1048576K
}
Event: 34527.099 GC heap before
{Heap before GC invocations=153 (full 9):
 PSYoungGen      total 628736K, used 625806K [0x0000000795580000, 0x00000007c0000000, 0x00000007c0000000)
  eden space 569856K, 99% used [0x0000000795580000,0x00000007b81be1f8,0x00000007b8200000)
  from space 58880K, 95% used [0x00000007b8200000,0x00000007bb8e5808,0x00000007bbb80000)
  to   space 70144K, 0% used [0x00000007bbb80000,0x00000007bbb80000,0x00000007c0000000)
 ParOldGen       total 299520K, used 251075K [0x0000000740000000, 0x0000000752480000, 0x0000000795580000)
  object space 299520K, 83% used [0x0000000740000000,0x000000074f530ee0,0x0000000752480000)
 Metaspace       used 97551K, capacity 101827K, committed 102056K, reserved 1138688K
  class space    used 11891K, capacity 12702K, committed 12712K, reserved 1048576K
Event: 34527.660 GC heap after
Heap after GC invocations=153 (full 9):
 PSYoungGen      total 630784K, used 128K [0x0000000795580000, 0x00000007c0000000, 0x00000007c0000000)
  eden space 560640K, 0% used [0x0000000795580000,0x0000000795580000,0x00000007b7900000)
  from space 70144K, 0% used [0x00000007bbb80000,0x00000007bbba0000,0x00000007c0000000)
  to   space 68096K, 0% used [0x00000007b7900000,0x00000007b7900000,0x00000007bbb80000)
 ParOldGen       total 299520K, used 288162K [0x0000000740000000, 0x0000000752480000, 0x0000000795580000)
  object space 299520K, 96% used [0x0000000740000000,0x0000000751968a48,0x0000000752480000)
 Metaspace       used 97551K, capacity 101827K, committed 102056K, reserved 1138688K
  class space    used 11891K, capacity 12702K, committed 12712K, reserved 1048576K
}
Event: 34527.660 GC heap before
{Heap before GC invocations=154 (full 10):
 PSYoungGen      total 630784K, used 128K [0x0000000795580000, 0x00000007c0000000, 0x00000007c0000000)
  eden space 560640K, 0% used [0x0000000795580000,0x0000000795580000,0x00000007b7900000)
  from space 70144K, 0% used [0x00000007bbb80000,0x00000007bbba0000,0x00000007c0000000)
  to   space 68096K, 0% used [0x00000007b7900000,0x00000007b7900000,0x00000007bbb80000)
 ParOldGen       total 299520K, used 288162K [0x0000000740000000, 0x0000000752480000, 0x0000000795580000)
  object space 299520K, 96% used [0x0000000740000000,0x0000000751968a48,0x0000000752480000)
 Metaspace       used 97551K, capacity 101827K, committed 102056K, reserved 1138688K
  class space    used 11891K, capacity 12702K, committed 12712K, reserved 1048576K
Event: 34529.555 GC heap after
Heap after GC invocations=154 (full 10):
 PSYoungGen      total 630784K, used 0K [0x0000000795580000, 0x00000007c0000000, 0x00000007c0000000)
  eden space 560640K, 0% used [0x0000000795580000,0x0000000795580000,0x00000007b7900000)
  from space 70144K, 0% used [0x00000007bbb80000,0x00000007bbb80000,0x00000007c0000000)
  to   space 68096K, 0% used [0x00000007b7900000,0x00000007b7900000,0x00000007bbb80000)
 ParOldGen       total 299520K, used 153583K [0x0000000740000000, 0x0000000752480000, 0x0000000795580000)
  object space 299520K, 51% used [0x0000000740000000,0x00000007495fbf08,0x0000000752480000)
 Metaspace       used 97540K, capacity 101809K, committed 102056K, reserved 1138688K
  class space    used 11889K, capacity 12699K, committed 12712K, reserved 1048576K
}

